/*C16*/SET SCHEMA PUBLIC
DELETE FROM USERS WHERE ID=1000
DELETE FROM USERS WHERE ID=1001
COMMIT
INSERT INTO USERS VALUES(1000,'Bill','Gates','1968-04-26')
COMMIT
INSERT INTO USERS VALUES(1001,'George','Bush','1949-08-17')
COMMIT
DISCONNECT
/*C17*/SET SCHEMA PUBLIC
DISCONNECT
/*C18*/SET SCHEMA PUBLIC
DELETE FROM USERS WHERE ID=1000
DELETE FROM USERS WHERE ID=1001
COMMIT
INSERT INTO USERS VALUES(1000,'Bill','Gates','1968-04-26')
COMMIT
INSERT INTO USERS VALUES(1001,'George','Bush','1949-08-17')
COMMIT
DISCONNECT
/*C19*/SET SCHEMA PUBLIC
DISCONNECT
/*C20*/SET SCHEMA PUBLIC
DELETE FROM USERS WHERE ID=1000
DELETE FROM USERS WHERE ID=1001
COMMIT
INSERT INTO USERS VALUES(1000,'Bill','Gates','1968-04-26')
COMMIT
INSERT INTO USERS VALUES(1001,'George','Bush','1949-08-17')
COMMIT
DISCONNECT
/*C21*/SET SCHEMA PUBLIC
INSERT INTO USERS VALUES(1011,'Bob','Lolybomb','1983-10-27')
COMMIT
DISCONNECT
/*C22*/SET SCHEMA PUBLIC
DELETE FROM USERS WHERE ID=1011
INSERT INTO USERS VALUES(1011,'Nick','Jonson','1983-10-27')
COMMIT
DISCONNECT
/*C23*/SET SCHEMA PUBLIC
DISCONNECT
/*C24*/SET SCHEMA PUBLIC
DELETE FROM USERS WHERE ID=1000
DELETE FROM USERS WHERE ID=1001
DELETE FROM USERS WHERE ID=1011
COMMIT
INSERT INTO USERS VALUES(1000,'Bill','Gates','1968-04-26')
COMMIT
INSERT INTO USERS VALUES(1001,'George','Bush','1949-08-17')
COMMIT
DISCONNECT
/*C25*/SET SCHEMA PUBLIC
DELETE FROM USERS WHERE ID=1001
COMMIT
DISCONNECT
/*C26*/SET SCHEMA PUBLIC
DISCONNECT
/*C27*/SET SCHEMA PUBLIC
DISCONNECT
/*C28*/SET SCHEMA PUBLIC
DELETE FROM USERS WHERE ID=1000
COMMIT
INSERT INTO USERS VALUES(1000,'Bill','Gates','1968-04-26')
COMMIT
INSERT INTO USERS VALUES(1001,'George','Bush','1949-08-17')
COMMIT
DISCONNECT
/*C29*/SET SCHEMA PUBLIC
INSERT INTO USERS VALUES(1012,'Jack','Nickolsan','1992-02-11')
COMMIT
DISCONNECT
